<?xml version="1.0" encoding="UTF-8"?>
<!-- Generated by org.testng.reporters.JUnitReportReporter -->
<testsuite hostname="DESKTOP-DOFR3F6" failures="0" tests="3" name="TESTNG.ParallelExecution1" time="0.031" errors="0" timestamp="28 Dec 2019 09:04:19 GMT" skipped="0">
  <testcase classname="TESTNG.ParallelExecution1" name="TestCase6" time="0.000"/>
  <testcase classname="TESTNG.ParallelExecution1" name="TestCase4" time="0.031"/>
  <testcase classname="TESTNG.ParallelExecution1" name="TestCase5" time="0.000"/>
</testsuite> <!-- TESTNG.ParallelExecution1 -->
