<?xml version="1.0" encoding="UTF-8"?>
<!-- Generated by org.testng.reporters.JUnitReportReporter -->
<testsuite hostname="DESKTOP-DOFR3F6" failures="0" tests="2" name="TESTNG.Grouping" time="0.023" errors="0" timestamp="28 Dec 2019 10:30:46 GMT" skipped="0">
  <testcase classname="TESTNG.Grouping" name="TestCase1" time="0.016"/>
  <testcase classname="TESTNG.Grouping" name="TestCase3" time="0.007"/>
</testsuite> <!-- TESTNG.Grouping -->
