<?xml version="1.0" encoding="UTF-8"?>
<!-- Generated by org.testng.reporters.JUnitReportReporter -->
<testsuite hostname="DESKTOP-DOFR3F6" failures="0" tests="3" name="TESTNG.TESTNG.PriorityTest" time="0.031" errors="0" timestamp="28 Dec 2019 07:04:03 GMT" skipped="0">
  <testcase classname="TESTNG.TESTNG.PriorityTest" name="Testcase3" time="0.016"/>
  <testcase classname="TESTNG.TESTNG.PriorityTest" name="Testcase2" time="0.015"/>
  <testcase classname="TESTNG.TESTNG.PriorityTest" name="Testcase1" time="0.000"/>
</testsuite> <!-- TESTNG.TESTNG.PriorityTest -->
