<?xml version="1.0" encoding="UTF-8"?>
<!-- Generated by org.testng.reporters.JUnitReportReporter -->
<testsuite hostname="DESKTOP-DOFR3F6" failures="0" tests="3" name="TESTNG.ParallelExecution" time="0.046" errors="0" timestamp="28 Dec 2019 09:04:19 GMT" skipped="0">
  <testcase classname="TESTNG.ParallelExecution" name="TestCase1" time="0.031"/>
  <testcase classname="TESTNG.ParallelExecution" name="TestCase2" time="0.000"/>
  <testcase classname="TESTNG.ParallelExecution" name="TestCase3" time="0.015"/>
</testsuite> <!-- TESTNG.ParallelExecution -->
